mode: set
github.com/404th/finiso/book_service/storage/postgres/postgres.go:20.63,30.16 3 1
github.com/404th/finiso/book_service/storage/postgres/postgres.go:34.2,37.33 3 1
github.com/404th/finiso/book_service/storage/postgres/postgres.go:41.2,43.8 1 1
github.com/404th/finiso/book_service/storage/postgres/postgres.go:30.16,32.3 1 0
github.com/404th/finiso/book_service/storage/postgres/postgres.go:37.33,39.3 1 0
github.com/404th/finiso/book_service/storage/postgres/postgres.go:47.39,48.23 1 1
github.com/404th/finiso/book_service/storage/postgres/postgres.go:52.2,52.19 1 1
github.com/404th/finiso/book_service/storage/postgres/postgres.go:48.23,50.3 1 1
github.com/404th/finiso/book_service/storage/postgres/postgres.go:55.41,56.24 1 0
github.com/404th/finiso/book_service/storage/postgres/postgres.go:60.2,60.20 1 0
github.com/404th/finiso/book_service/storage/postgres/postgres.go:56.24,58.3 1 0
github.com/404th/finiso/book_service/storage/postgres/book.go:20.41,22.2 1 1
github.com/404th/finiso/book_service/storage/postgres/book.go:25.90,31.16 5 1
github.com/404th/finiso/book_service/storage/postgres/book.go:35.2,35.18 1 1
github.com/404th/finiso/book_service/storage/postgres/book.go:31.16,33.3 1 0
github.com/404th/finiso/book_service/storage/postgres/book.go:39.81,44.16 4 1
github.com/404th/finiso/book_service/storage/postgres/book.go:48.2,48.19 1 1
github.com/404th/finiso/book_service/storage/postgres/book.go:44.16,46.3 1 1
github.com/404th/finiso/book_service/storage/postgres/book.go:52.101,59.16 4 1
github.com/404th/finiso/book_service/storage/postgres/book.go:63.2,63.18 1 1
github.com/404th/finiso/book_service/storage/postgres/book.go:71.2,72.20 2 1
github.com/404th/finiso/book_service/storage/postgres/book.go:59.16,61.3 1 0
github.com/404th/finiso/book_service/storage/postgres/book.go:63.18,66.17 3 1
github.com/404th/finiso/book_service/storage/postgres/book.go:69.3,69.42 1 1
github.com/404th/finiso/book_service/storage/postgres/book.go:66.17,68.4 1 0
github.com/404th/finiso/book_service/storage/postgres/book.go:76.107,81.16 3 1
github.com/404th/finiso/book_service/storage/postgres/book.go:84.2,90.8 1 1
github.com/404th/finiso/book_service/storage/postgres/book.go:81.16,83.3 1 0
github.com/404th/finiso/book_service/storage/postgres/book.go:94.84,100.16 5 1
github.com/404th/finiso/book_service/storage/postgres/book.go:103.2,103.19 1 1
github.com/404th/finiso/book_service/storage/postgres/book.go:100.16,102.3 1 0
github.com/404th/finiso/book_service/storage/postgres/order.go:19.43,21.2 1 0
github.com/404th/finiso/book_service/storage/postgres/order.go:22.95,35.16 5 0
github.com/404th/finiso/book_service/storage/postgres/order.go:38.2,38.18 1 0
github.com/404th/finiso/book_service/storage/postgres/order.go:35.16,37.3 1 0
github.com/404th/finiso/book_service/storage/postgres/order.go:40.84,48.16 5 0
github.com/404th/finiso/book_service/storage/postgres/order.go:52.2,52.20 1 0
github.com/404th/finiso/book_service/storage/postgres/order.go:48.16,50.3 1 0
github.com/404th/finiso/book_service/storage/postgres/order.go:54.78,59.16 3 0
github.com/404th/finiso/book_service/storage/postgres/order.go:63.2,64.18 2 0
github.com/404th/finiso/book_service/storage/postgres/order.go:72.2,72.20 1 0
github.com/404th/finiso/book_service/storage/postgres/order.go:59.16,61.3 1 0
github.com/404th/finiso/book_service/storage/postgres/order.go:64.18,67.17 3 0
github.com/404th/finiso/book_service/storage/postgres/order.go:70.3,70.33 1 0
github.com/404th/finiso/book_service/storage/postgres/order.go:67.17,69.4 1 0
github.com/404th/finiso/book_service/storage/postgres/order.go:74.95,81.16 5 0
github.com/404th/finiso/book_service/storage/postgres/order.go:84.2,84.18 1 0
github.com/404th/finiso/book_service/storage/postgres/order.go:81.16,83.3 1 0
github.com/404th/finiso/book_service/storage/postgres/order.go:86.87,92.16 5 0
github.com/404th/finiso/book_service/storage/postgres/order.go:95.2,95.20 1 0
github.com/404th/finiso/book_service/storage/postgres/order.go:92.16,94.3 1 0
